Catcall detected in {ISE_EXCEPTION_MANAGER}.once_raise for arg#1: expected EXCEPTION but got STRING_8
Catcall detected in {ISE_EXCEPTION_MANAGER}.once_raise for arg#1: expected EXCEPTION but got STRING_8
Catcall detected in {PDF_ARRAY}.make_with_objects for arg#1: expected ARRAY [!PDF_OBJECT [ANY]] but got ARRAY [!NONE]
Catcall detected in {ARRAYED_LIST}.make_from_array for arg#1: expected ARRAY [!PDF_OBJECT [ANY]] but got ARRAY [!NONE]
Catcall detected in {SPECIAL}.extend for arg#1: expected NONE but got PDF_DECIMAL
Catcall detected in {SPECIAL}.extend for arg#1: expected NONE but got PDF_DECIMAL
Catcall detected in {SPECIAL}.extend for arg#1: expected NONE but got PDF_DECIMAL
Catcall detected in {SPECIAL}.extend for arg#1: expected NONE but got PDF_DECIMAL
Catcall detected in {PDF_ARRAY}.make_with_objects for arg#1: expected ARRAY [!PDF_OBJECT [ANY]] but got ARRAY [!NONE]
Catcall detected in {ARRAYED_LIST}.make_from_array for arg#1: expected ARRAY [!PDF_OBJECT [ANY]] but got ARRAY [!NONE]
Catcall detected in {SPECIAL}.extend for arg#1: expected NONE but got PDF_DECIMAL
Catcall detected in {SPECIAL}.extend for arg#1: expected NONE but got PDF_DECIMAL
Catcall detected in {SPECIAL}.extend for arg#1: expected NONE but got PDF_DECIMAL
Catcall detected in {SPECIAL}.extend for arg#1: expected NONE but got PDF_DECIMAL
Catcall detected in {PDF_ARRAY}.make_with_objects for arg#1: expected ARRAY [!PDF_OBJECT [ANY]] but got ARRAY [!NONE]
Catcall detected in {ARRAYED_LIST}.make_from_array for arg#1: expected ARRAY [!PDF_OBJECT [ANY]] but got ARRAY [!NONE]
Catcall detected in {SPECIAL}.extend for arg#1: expected NONE but got PDF_DECIMAL
Catcall detected in {SPECIAL}.extend for arg#1: expected NONE but got PDF_DECIMAL
Catcall detected in {SPECIAL}.extend for arg#1: expected NONE but got PDF_DECIMAL
Catcall detected in {SPECIAL}.extend for arg#1: expected NONE but got PDF_DECIMAL
Catcall detected in {PDF_ARRAY}.make_with_objects for arg#1: expected ARRAY [!PDF_OBJECT [ANY]] but got ARRAY [!NONE]
Catcall detected in {ARRAYED_LIST}.make_from_array for arg#1: expected ARRAY [!PDF_OBJECT [ANY]] but got ARRAY [!NONE]
Catcall detected in {SPECIAL}.extend for arg#1: expected NONE but got PDF_DECIMAL
Catcall detected in {SPECIAL}.extend for arg#1: expected NONE but got PDF_DECIMAL
Catcall detected in {SPECIAL}.extend for arg#1: expected NONE but got PDF_DECIMAL
Catcall detected in {SPECIAL}.extend for arg#1: expected NONE but got PDF_DECIMAL
Catcall detected in {PDF_ARRAY}.make_with_objects for arg#1: expected ARRAY [!PDF_OBJECT [ANY]] but got ARRAY [!NONE]
Catcall detected in {ARRAYED_LIST}.make_from_array for arg#1: expected ARRAY [!PDF_OBJECT [ANY]] but got ARRAY [!NONE]
Catcall detected in {SPECIAL}.extend for arg#1: expected NONE but got PDF_DECIMAL
Catcall detected in {SPECIAL}.extend for arg#1: expected NONE but got PDF_DECIMAL
Catcall detected in {SPECIAL}.extend for arg#1: expected NONE but got PDF_DECIMAL
Catcall detected in {SPECIAL}.extend for arg#1: expected NONE but got PDF_DECIMAL
Catcall detected in {PDF_ARRAY}.make_with_objects for arg#1: expected ARRAY [!PDF_OBJECT [ANY]] but got ARRAY [!NONE]
Catcall detected in {ARRAYED_LIST}.make_from_array for arg#1: expected ARRAY [!PDF_OBJECT [ANY]] but got ARRAY [!NONE]
Catcall detected in {SPECIAL}.extend for arg#1: expected NONE but got PDF_DECIMAL
Catcall detected in {SPECIAL}.extend for arg#1: expected NONE but got PDF_DECIMAL
Catcall detected in {SPECIAL}.extend for arg#1: expected NONE but got PDF_DECIMAL
Catcall detected in {SPECIAL}.extend for arg#1: expected NONE but got PDF_DECIMAL
Catcall detected in {PDF_ARRAY}.make_with_objects for arg#1: expected ARRAY [!PDF_OBJECT [ANY]] but got ARRAY [!NONE]
Catcall detected in {ARRAYED_LIST}.make_from_array for arg#1: expected ARRAY [!PDF_OBJECT [ANY]] but got ARRAY [!NONE]
Catcall detected in {SPECIAL}.extend for arg#1: expected NONE but got PDF_DECIMAL
Catcall detected in {SPECIAL}.extend for arg#1: expected NONE but got PDF_DECIMAL
Catcall detected in {SPECIAL}.extend for arg#1: expected NONE but got PDF_DECIMAL
Catcall detected in {SPECIAL}.extend for arg#1: expected NONE but got PDF_DECIMAL
Catcall detected in {PDF_ARRAY}.make_with_objects for arg#1: expected ARRAY [!PDF_OBJECT [ANY]] but got ARRAY [!NONE]
Catcall detected in {ARRAYED_LIST}.make_from_array for arg#1: expected ARRAY [!PDF_OBJECT [ANY]] but got ARRAY [!NONE]
Catcall detected in {SPECIAL}.extend for arg#1: expected NONE but got PDF_DECIMAL
Catcall detected in {SPECIAL}.extend for arg#1: expected NONE but got PDF_DECIMAL
Catcall detected in {SPECIAL}.extend for arg#1: expected NONE but got PDF_DECIMAL
Catcall detected in {SPECIAL}.extend for arg#1: expected NONE but got PDF_DECIMAL
Catcall detected in {PDF_ARRAY}.make_with_objects for arg#1: expected ARRAY [!PDF_OBJECT [ANY]] but got ARRAY [!NONE]
Catcall detected in {ARRAYED_LIST}.make_from_array for arg#1: expected ARRAY [!PDF_OBJECT [ANY]] but got ARRAY [!NONE]
Catcall detected in {SPECIAL}.extend for arg#1: expected NONE but got PDF_DECIMAL
Catcall detected in {SPECIAL}.extend for arg#1: expected NONE but got PDF_DECIMAL
Catcall detected in {SPECIAL}.extend for arg#1: expected NONE but got PDF_DECIMAL
Catcall detected in {SPECIAL}.extend for arg#1: expected NONE but got PDF_DECIMAL
Catcall detected in {PDF_ARRAY}.make_with_objects for arg#1: expected ARRAY [!PDF_OBJECT [ANY]] but got ARRAY [!NONE]
Catcall detected in {ARRAYED_LIST}.make_from_array for arg#1: expected ARRAY [!PDF_OBJECT [ANY]] but got ARRAY [!NONE]
Catcall detected in {SPECIAL}.extend for arg#1: expected NONE but got PDF_DECIMAL
Catcall detected in {SPECIAL}.extend for arg#1: expected NONE but got PDF_DECIMAL
Catcall detected in {SPECIAL}.extend for arg#1: expected NONE but got PDF_DECIMAL
Catcall detected in {SPECIAL}.extend for arg#1: expected NONE but got PDF_DECIMAL
Catcall detected in {PDF_ARRAY}.make_with_objects for arg#1: expected ARRAY [!PDF_OBJECT [ANY]] but got ARRAY [!NONE]
Catcall detected in {ARRAYED_LIST}.make_from_array for arg#1: expected ARRAY [!PDF_OBJECT [ANY]] but got ARRAY [!NONE]
Catcall detected in {SPECIAL}.extend for arg#1: expected NONE but got PDF_DECIMAL
Catcall detected in {SPECIAL}.extend for arg#1: expected NONE but got PDF_DECIMAL
Catcall detected in {SPECIAL}.extend for arg#1: expected NONE but got PDF_DECIMAL
Catcall detected in {SPECIAL}.extend for arg#1: expected NONE but got PDF_DECIMAL
Catcall detected in {PDF_ARRAY}.make_with_objects for arg#1: expected ARRAY [!PDF_OBJECT [ANY]] but got ARRAY [!NONE]
Catcall detected in {ARRAYED_LIST}.make_from_array for arg#1: expected ARRAY [!PDF_OBJECT [ANY]] but got ARRAY [!NONE]
Catcall detected in {SPECIAL}.extend for arg#1: expected NONE but got PDF_DECIMAL
Catcall detected in {SPECIAL}.extend for arg#1: expected NONE but got PDF_DECIMAL
Catcall detected in {SPECIAL}.extend for arg#1: expected NONE but got PDF_DECIMAL
Catcall detected in {SPECIAL}.extend for arg#1: expected NONE but got PDF_DECIMAL
Catcall detected in {PDF_ARRAY}.make_with_objects for arg#1: expected ARRAY [!PDF_OBJECT [ANY]] but got ARRAY [!NONE]
Catcall detected in {ARRAYED_LIST}.make_from_array for arg#1: expected ARRAY [!PDF_OBJECT [ANY]] but got ARRAY [!NONE]
Catcall detected in {SPECIAL}.extend for arg#1: expected NONE but got PDF_DECIMAL
Catcall detected in {SPECIAL}.extend for arg#1: expected NONE but got PDF_DECIMAL
Catcall detected in {SPECIAL}.extend for arg#1: expected NONE but got PDF_DECIMAL
Catcall detected in {SPECIAL}.extend for arg#1: expected NONE but got PDF_DECIMAL
Catcall detected in {PDF_ARRAY}.make_with_objects for arg#1: expected ARRAY [!PDF_OBJECT [ANY]] but got ARRAY [!NONE]
Catcall detected in {ARRAYED_LIST}.make_from_array for arg#1: expected ARRAY [!PDF_OBJECT [ANY]] but got ARRAY [!NONE]
Catcall detected in {SPECIAL}.extend for arg#1: expected NONE but got PDF_DECIMAL
Catcall detected in {SPECIAL}.extend for arg#1: expected NONE but got PDF_DECIMAL
Catcall detected in {SPECIAL}.extend for arg#1: expected NONE but got PDF_DECIMAL
Catcall detected in {SPECIAL}.extend for arg#1: expected NONE but got PDF_DECIMAL
Catcall detected in {PDF_ARRAY}.make_with_objects for arg#1: expected ARRAY [!PDF_OBJECT [ANY]] but got ARRAY [!NONE]
Catcall detected in {ARRAYED_LIST}.make_from_array for arg#1: expected ARRAY [!PDF_OBJECT [ANY]] but got ARRAY [!NONE]
Catcall detected in {SPECIAL}.extend for arg#1: expected NONE but got PDF_DECIMAL
Catcall detected in {SPECIAL}.extend for arg#1: expected NONE but got PDF_DECIMAL
Catcall detected in {SPECIAL}.extend for arg#1: expected NONE but got PDF_DECIMAL
Catcall detected in {SPECIAL}.extend for arg#1: expected NONE but got PDF_DECIMAL
Catcall detected in {PDF_ARRAY}.make_with_objects for arg#1: expected ARRAY [!PDF_OBJECT [ANY]] but got ARRAY [!NONE]
Catcall detected in {ARRAYED_LIST}.make_from_array for arg#1: expected ARRAY [!PDF_OBJECT [ANY]] but got ARRAY [!NONE]
Catcall detected in {SPECIAL}.extend for arg#1: expected NONE but got PDF_BOOLEAN
Catcall detected in {SPECIAL}.extend for arg#1: expected NONE but got PDF_BOOLEAN
Catcall detected in {PDF_ARRAY}.make_with_objects for arg#1: expected ARRAY [!PDF_OBJECT [ANY]] but got ARRAY [!NONE]
Catcall detected in {ARRAYED_LIST}.make_from_array for arg#1: expected ARRAY [!PDF_OBJECT [ANY]] but got ARRAY [!NONE]
Catcall detected in {SPECIAL}.extend for arg#1: expected NONE but got PDF_BOOLEAN
Catcall detected in {SPECIAL}.extend for arg#1: expected NONE but got PDF_BOOLEAN
Catcall detected in {SPECIAL}.extend for arg#1: expected NONE but got PDF_DECIMAL
Catcall detected in {SPECIAL}.extend for arg#1: expected NONE but got PDF_DECIMAL
Catcall detected in {PDF_ARRAY}.make_with_objects for arg#1: expected ARRAY [!PDF_OBJECT [ANY]] but got ARRAY [!NONE]
Catcall detected in {ARRAYED_LIST}.make_from_array for arg#1: expected ARRAY [!PDF_OBJECT [ANY]] but got ARRAY [!NONE]
Catcall detected in {SPECIAL}.extend for arg#1: expected NONE but got PDF_BOOLEAN
Catcall detected in {SPECIAL}.extend for arg#1: expected NONE but got PDF_BOOLEAN
Catcall detected in {SPECIAL}.extend for arg#1: expected NONE but got PDF_DECIMAL
Catcall detected in {SPECIAL}.extend for arg#1: expected NONE but got PDF_DECIMAL
Catcall detected in {PDF_ARRAY}.make_with_objects for arg#1: expected ARRAY [!PDF_OBJECT [ANY]] but got ARRAY [!NONE]
Catcall detected in {ARRAYED_LIST}.make_from_array for arg#1: expected ARRAY [!PDF_OBJECT [ANY]] but got ARRAY [!NONE]
Catcall detected in {SPECIAL}.extend for arg#1: expected NONE but got PDF_BOOLEAN
Catcall detected in {SPECIAL}.extend for arg#1: expected NONE but got PDF_BOOLEAN
Catcall detected in {SPECIAL}.extend for arg#1: expected NONE but got PDF_DECIMAL
Catcall detected in {SPECIAL}.extend for arg#1: expected NONE but got PDF_DECIMAL
Catcall detected in {PDF_ARRAY}.make_with_objects for arg#1: expected ARRAY [!PDF_OBJECT [ANY]] but got ARRAY [!NONE]
Catcall detected in {ARRAYED_LIST}.make_from_array for arg#1: expected ARRAY [!PDF_OBJECT [ANY]] but got ARRAY [!NONE]
Catcall detected in {SPECIAL}.extend for arg#1: expected NONE but got PDF_DECIMAL
Catcall detected in {SPECIAL}.extend for arg#1: expected NONE but got PDF_DECIMAL
Catcall detected in {SPECIAL}.extend for arg#1: expected NONE but got PDF_DECIMAL
Catcall detected in {SPECIAL}.extend for arg#1: expected NONE but got PDF_DECIMAL
Catcall detected in {SPECIAL}.extend for arg#1: expected NONE but got PDF_RECTANGLE
Catcall detected in {PDF_ARRAY}.make_with_objects for arg#1: expected ARRAY [!PDF_OBJECT [ANY]] but got ARRAY [!NONE]
Catcall detected in {ARRAYED_LIST}.make_from_array for arg#1: expected ARRAY [!PDF_OBJECT [ANY]] but got ARRAY [!NONE]
Catcall detected in {SPECIAL}.extend for arg#1: expected NONE but got PDF_DECIMAL
Catcall detected in {SPECIAL}.extend for arg#1: expected NONE but got PDF_DECIMAL
Catcall detected in {SPECIAL}.extend for arg#1: expected NONE but got PDF_DECIMAL
Catcall detected in {SPECIAL}.extend for arg#1: expected NONE but got PDF_DECIMAL
Catcall detected in {SPECIAL}.extend for arg#1: expected NONE but got PDF_RECTANGLE
Catcall detected in {SPECIAL}.extend for arg#1: expected NONE but got PDF_STRING
Catcall detected in {SPECIAL}.extend for arg#1: expected NONE but got PDF_STRING
Catcall detected in {PDF_ARRAY}.make_with_objects for arg#1: expected ARRAY [!PDF_OBJECT [ANY]] but got ARRAY [!NONE]
Catcall detected in {ARRAYED_LIST}.make_from_array for arg#1: expected ARRAY [!PDF_OBJECT [ANY]] but got ARRAY [!NONE]
Catcall detected in {SPECIAL}.extend for arg#1: expected NONE but got PDF_BOOLEAN
Catcall detected in {SPECIAL}.extend for arg#1: expected NONE but got PDF_BOOLEAN
Catcall detected in {SPECIAL}.extend for arg#1: expected NONE but got PDF_DECIMAL
Catcall detected in {SPECIAL}.extend for arg#1: expected NONE but got PDF_DECIMAL
Catcall detected in {PDF_ARRAY}.make_with_objects for arg#1: expected ARRAY [!PDF_OBJECT [ANY]] but got ARRAY [!NONE]
Catcall detected in {ARRAYED_LIST}.make_from_array for arg#1: expected ARRAY [!PDF_OBJECT [ANY]] but got ARRAY [!NONE]
Catcall detected in {SPECIAL}.extend for arg#1: expected NONE but got PDF_DECIMAL
Catcall detected in {SPECIAL}.extend for arg#1: expected NONE but got PDF_DECIMAL
Catcall detected in {SPECIAL}.extend for arg#1: expected NONE but got PDF_DECIMAL
Catcall detected in {SPECIAL}.extend for arg#1: expected NONE but got PDF_DECIMAL
Catcall detected in {SPECIAL}.extend for arg#1: expected NONE but got PDF_RECTANGLE
Catcall detected in {PDF_ARRAY}.make_with_objects for arg#1: expected ARRAY [!PDF_OBJECT [ANY]] but got ARRAY [!NONE]
Catcall detected in {ARRAYED_LIST}.make_from_array for arg#1: expected ARRAY [!PDF_OBJECT [ANY]] but got ARRAY [!NONE]
Catcall detected in {SPECIAL}.extend for arg#1: expected NONE but got PDF_DECIMAL
Catcall detected in {SPECIAL}.extend for arg#1: expected NONE but got PDF_DECIMAL
Catcall detected in {SPECIAL}.extend for arg#1: expected NONE but got PDF_DECIMAL
Catcall detected in {SPECIAL}.extend for arg#1: expected NONE but got PDF_DECIMAL
Catcall detected in {SPECIAL}.extend for arg#1: expected NONE but got PDF_RECTANGLE
Catcall detected in {SPECIAL}.extend for arg#1: expected NONE but got PDF_STRING
Catcall detected in {SPECIAL}.extend for arg#1: expected NONE but got PDF_STRING
Catcall detected in {PDF_ARRAY}.make_with_objects for arg#1: expected ARRAY [!PDF_OBJECT [ANY]] but got ARRAY [!NONE]
Catcall detected in {ARRAYED_LIST}.make_from_array for arg#1: expected ARRAY [!PDF_OBJECT [ANY]] but got ARRAY [!NONE]
Catcall detected in {SPECIAL}.extend for arg#1: expected NONE but got PDF_BOOLEAN
Catcall detected in {SPECIAL}.extend for arg#1: expected NONE but got PDF_BOOLEAN
Catcall detected in {SPECIAL}.extend for arg#1: expected NONE but got PDF_DECIMAL
Catcall detected in {SPECIAL}.extend for arg#1: expected NONE but got PDF_DECIMAL
Catcall detected in {SPECIAL}.extend for arg#1: expected NONE but got PDF_NAME
Catcall detected in {SPECIAL}.extend for arg#1: expected NONE but got PDF_NAME
Catcall detected in {SPECIAL}.extend for arg#1: expected NONE but got PDF_OBJECT_REFERENCE
Catcall detected in {SPECIAL}.extend for arg#1: expected NONE but got PDF_OBJECT_REFERENCE
Catcall detected in {PDF_ARRAY}.make_with_objects for arg#1: expected ARRAY [!PDF_OBJECT [ANY]] but got ARRAY [!NONE]
Catcall detected in {ARRAYED_LIST}.make_from_array for arg#1: expected ARRAY [!PDF_OBJECT [ANY]] but got ARRAY [!NONE]
Catcall detected in {SPECIAL}.extend for arg#1: expected NONE but got PDF_DECIMAL
Catcall detected in {SPECIAL}.extend for arg#1: expected NONE but got PDF_DECIMAL
Catcall detected in {SPECIAL}.extend for arg#1: expected NONE but got PDF_DECIMAL
Catcall detected in {SPECIAL}.extend for arg#1: expected NONE but got PDF_DECIMAL
Catcall detected in {SPECIAL}.extend for arg#1: expected NONE but got PDF_RECTANGLE
Catcall detected in {PDF_ARRAY}.make_with_objects for arg#1: expected ARRAY [!PDF_OBJECT [ANY]] but got ARRAY [!NONE]
Catcall detected in {ARRAYED_LIST}.make_from_array for arg#1: expected ARRAY [!PDF_OBJECT [ANY]] but got ARRAY [!NONE]
Catcall detected in {SPECIAL}.extend for arg#1: expected NONE but got PDF_DECIMAL
Catcall detected in {SPECIAL}.extend for arg#1: expected NONE but got PDF_DECIMAL
Catcall detected in {SPECIAL}.extend for arg#1: expected NONE but got PDF_DECIMAL
Catcall detected in {SPECIAL}.extend for arg#1: expected NONE but got PDF_DECIMAL
Catcall detected in {SPECIAL}.extend for arg#1: expected NONE but got PDF_RECTANGLE
Catcall detected in {SPECIAL}.extend for arg#1: expected NONE but got PDF_STRING
Catcall detected in {SPECIAL}.extend for arg#1: expected NONE but got PDF_STRING
Catcall detected in {PDF_ARRAY}.make_with_objects for arg#1: expected ARRAY [!PDF_OBJECT [ANY]] but got ARRAY [!NONE]
Catcall detected in {ARRAYED_LIST}.make_from_array for arg#1: expected ARRAY [!PDF_OBJECT [ANY]] but got ARRAY [!NONE]
Catcall detected in {SPECIAL}.extend for arg#1: expected NONE but got PDF_BOOLEAN
Catcall detected in {SPECIAL}.extend for arg#1: expected NONE but got PDF_BOOLEAN
Catcall detected in {SPECIAL}.extend for arg#1: expected NONE but got PDF_DECIMAL
Catcall detected in {SPECIAL}.extend for arg#1: expected NONE but got PDF_DECIMAL
Catcall detected in {SPECIAL}.extend for arg#1: expected NONE but got PDF_NAME
Catcall detected in {SPECIAL}.extend for arg#1: expected NONE but got PDF_NAME
Catcall detected in {SPECIAL}.extend for arg#1: expected NONE but got PDF_OBJECT_REFERENCE
Catcall detected in {SPECIAL}.extend for arg#1: expected NONE but got PDF_OBJECT_REFERENCE
Catcall detected in {PDF_ARRAY}.make_with_objects for arg#1: expected ARRAY [!PDF_OBJECT [ANY]] but got ARRAY [!NONE]
Catcall detected in {ARRAYED_LIST}.make_from_array for arg#1: expected ARRAY [!PDF_OBJECT [ANY]] but got ARRAY [!NONE]
Catcall detected in {SPECIAL}.extend for arg#1: expected NONE but got PDF_DECIMAL
Catcall detected in {SPECIAL}.extend for arg#1: expected NONE but got PDF_DECIMAL
Catcall detected in {SPECIAL}.extend for arg#1: expected NONE but got PDF_DECIMAL
Catcall detected in {SPECIAL}.extend for arg#1: expected NONE but got PDF_DECIMAL
Catcall detected in {SPECIAL}.extend for arg#1: expected NONE but got PDF_RECTANGLE
Catcall detected in {PDF_ARRAY}.make_with_objects for arg#1: expected ARRAY [!PDF_OBJECT [ANY]] but got ARRAY [!NONE]
Catcall detected in {ARRAYED_LIST}.make_from_array for arg#1: expected ARRAY [!PDF_OBJECT [ANY]] but got ARRAY [!NONE]
Catcall detected in {SPECIAL}.extend for arg#1: expected NONE but got PDF_DECIMAL
Catcall detected in {SPECIAL}.extend for arg#1: expected NONE but got PDF_DECIMAL
Catcall detected in {SPECIAL}.extend for arg#1: expected NONE but got PDF_DECIMAL
Catcall detected in {SPECIAL}.extend for arg#1: expected NONE but got PDF_DECIMAL
Catcall detected in {SPECIAL}.extend for arg#1: expected NONE but got PDF_RECTANGLE
Catcall detected in {SPECIAL}.extend for arg#1: expected NONE but got PDF_STRING
Catcall detected in {SPECIAL}.extend for arg#1: expected NONE but got PDF_STRING
Catcall detected in {PDF_ARRAY}.make_with_objects for arg#1: expected ARRAY [!PDF_OBJECT [ANY]] but got ARRAY [!NONE]
Catcall detected in {ARRAYED_LIST}.make_from_array for arg#1: expected ARRAY [!PDF_OBJECT [ANY]] but got ARRAY [!NONE]
Catcall detected in {SPECIAL}.extend for arg#1: expected NONE but got PDF_BOOLEAN
Catcall detected in {SPECIAL}.extend for arg#1: expected NONE but got PDF_BOOLEAN
Catcall detected in {SPECIAL}.extend for arg#1: expected NONE but got PDF_DECIMAL
Catcall detected in {SPECIAL}.extend for arg#1: expected NONE but got PDF_DECIMAL
Catcall detected in {SPECIAL}.extend for arg#1: expected NONE but got PDF_KEY_VALUE
Catcall detected in {SPECIAL}.extend for arg#1: expected NONE but got PDF_KEY_VALUE
Catcall detected in {SPECIAL}.extend for arg#1: expected NONE but got PDF_NAME
Catcall detected in {SPECIAL}.extend for arg#1: expected NONE but got PDF_NAME
Catcall detected in {SPECIAL}.extend for arg#1: expected NONE but got PDF_OBJECT_REFERENCE
Catcall detected in {SPECIAL}.extend for arg#1: expected NONE but got PDF_OBJECT_REFERENCE
Catcall detected in {PDF_ARRAY}.make_with_objects for arg#1: expected ARRAY [!PDF_OBJECT [ANY]] but got ARRAY [!NONE]
Catcall detected in {ARRAYED_LIST}.make_from_array for arg#1: expected ARRAY [!PDF_OBJECT [ANY]] but got ARRAY [!NONE]
Catcall detected in {SPECIAL}.extend for arg#1: expected NONE but got PDF_DECIMAL
Catcall detected in {SPECIAL}.extend for arg#1: expected NONE but got PDF_DECIMAL
Catcall detected in {SPECIAL}.extend for arg#1: expected NONE but got PDF_DECIMAL
Catcall detected in {SPECIAL}.extend for arg#1: expected NONE but got PDF_DECIMAL
Catcall detected in {SPECIAL}.extend for arg#1: expected NONE but got PDF_RECTANGLE
Catcall detected in {PDF_ARRAY}.make_with_objects for arg#1: expected ARRAY [!PDF_OBJECT [ANY]] but got ARRAY [!NONE]
Catcall detected in {ARRAYED_LIST}.make_from_array for arg#1: expected ARRAY [!PDF_OBJECT [ANY]] but got ARRAY [!NONE]
Catcall detected in {SPECIAL}.extend for arg#1: expected NONE but got PDF_DECIMAL
Catcall detected in {SPECIAL}.extend for arg#1: expected NONE but got PDF_DECIMAL
Catcall detected in {SPECIAL}.extend for arg#1: expected NONE but got PDF_DECIMAL
Catcall detected in {SPECIAL}.extend for arg#1: expected NONE but got PDF_DECIMAL
Catcall detected in {SPECIAL}.extend for arg#1: expected NONE but got PDF_RECTANGLE
Catcall detected in {SPECIAL}.extend for arg#1: expected NONE but got PDF_STRING
Catcall detected in {SPECIAL}.extend for arg#1: expected NONE but got PDF_STRING
Catcall detected in {PDF_ARRAY}.make_with_objects for arg#1: expected ARRAY [!PDF_OBJECT [ANY]] but got ARRAY [!NONE]
Catcall detected in {ARRAYED_LIST}.make_from_array for arg#1: expected ARRAY [!PDF_OBJECT [ANY]] but got ARRAY [!NONE]
Catcall detected in {SPECIAL}.extend for arg#1: expected NONE but got PDF_BOOLEAN
Catcall detected in {SPECIAL}.extend for arg#1: expected NONE but got PDF_BOOLEAN
Catcall detected in {SPECIAL}.extend for arg#1: expected NONE but got PDF_DECIMAL
Catcall detected in {SPECIAL}.extend for arg#1: expected NONE but got PDF_DECIMAL
Catcall detected in {SPECIAL}.extend for arg#1: expected NONE but got PDF_KEY_VALUE
Catcall detected in {SPECIAL}.extend for arg#1: expected NONE but got PDF_KEY_VALUE
Catcall detected in {SPECIAL}.extend for arg#1: expected NONE but got PDF_NAME
Catcall detected in {SPECIAL}.extend for arg#1: expected NONE but got PDF_NAME
Catcall detected in {SPECIAL}.extend for arg#1: expected NONE but got PDF_OBJECT_REFERENCE
Catcall detected in {SPECIAL}.extend for arg#1: expected NONE but got PDF_OBJECT_REFERENCE
Catcall detected in {PDF_ARRAY}.make_with_objects for arg#1: expected ARRAY [!PDF_OBJECT [ANY]] but got ARRAY [!NONE]
Catcall detected in {ARRAYED_LIST}.make_from_array for arg#1: expected ARRAY [!PDF_OBJECT [ANY]] but got ARRAY [!NONE]
Catcall detected in {SPECIAL}.extend for arg#1: expected NONE but got PDF_DECIMAL
Catcall detected in {SPECIAL}.extend for arg#1: expected NONE but got PDF_DECIMAL
Catcall detected in {SPECIAL}.extend for arg#1: expected NONE but got PDF_DECIMAL
Catcall detected in {SPECIAL}.extend for arg#1: expected NONE but got PDF_DECIMAL
Catcall detected in {SPECIAL}.extend for arg#1: expected NONE but got PDF_RECTANGLE
Catcall detected in {PDF_ARRAY}.make_with_objects for arg#1: expected ARRAY [!PDF_OBJECT [ANY]] but got ARRAY [!NONE]
Catcall detected in {ARRAYED_LIST}.make_from_array for arg#1: expected ARRAY [!PDF_OBJECT [ANY]] but got ARRAY [!NONE]
Catcall detected in {SPECIAL}.extend for arg#1: expected NONE but got PDF_DECIMAL
Catcall detected in {SPECIAL}.extend for arg#1: expected NONE but got PDF_DECIMAL
Catcall detected in {SPECIAL}.extend for arg#1: expected NONE but got PDF_DECIMAL
Catcall detected in {SPECIAL}.extend for arg#1: expected NONE but got PDF_DECIMAL
Catcall detected in {SPECIAL}.extend for arg#1: expected NONE but got PDF_RECTANGLE
Catcall detected in {SPECIAL}.extend for arg#1: expected NONE but got PDF_STRING
Catcall detected in {SPECIAL}.extend for arg#1: expected NONE but got PDF_STRING
Catcall detected in {PDF_ARRAY}.make_with_objects for arg#1: expected ARRAY [!PDF_OBJECT [ANY]] but got ARRAY [!NONE]
Catcall detected in {ARRAYED_LIST}.make_from_array for arg#1: expected ARRAY [!PDF_OBJECT [ANY]] but got ARRAY [!NONE]
Catcall detected in {SPECIAL}.extend for arg#1: expected NONE but got PDF_BOOLEAN
Catcall detected in {SPECIAL}.extend for arg#1: expected NONE but got PDF_BOOLEAN
Catcall detected in {SPECIAL}.extend for arg#1: expected NONE but got PDF_DECIMAL
Catcall detected in {SPECIAL}.extend for arg#1: expected NONE but got PDF_DECIMAL
Catcall detected in {SPECIAL}.extend for arg#1: expected NONE but got PDF_INTEGER
Catcall detected in {SPECIAL}.extend for arg#1: expected NONE but got PDF_INTEGER
Catcall detected in {SPECIAL}.extend for arg#1: expected NONE but got PDF_KEY_VALUE
Catcall detected in {SPECIAL}.extend for arg#1: expected NONE but got PDF_KEY_VALUE
Catcall detected in {SPECIAL}.extend for arg#1: expected NONE but got PDF_NAME
Catcall detected in {SPECIAL}.extend for arg#1: expected NONE but got PDF_NAME
Catcall detected in {SPECIAL}.extend for arg#1: expected NONE but got PDF_OBJECT_REFERENCE
Catcall detected in {SPECIAL}.extend for arg#1: expected NONE but got PDF_OBJECT_REFERENCE
Catcall detected in {PDF_ARRAY}.make_with_objects for arg#1: expected ARRAY [!PDF_OBJECT [ANY]] but got ARRAY [!NONE]
Catcall detected in {ARRAYED_LIST}.make_from_array for arg#1: expected ARRAY [!PDF_OBJECT [ANY]] but got ARRAY [!NONE]
Catcall detected in {SPECIAL}.extend for arg#1: expected NONE but got PDF_DECIMAL
Catcall detected in {SPECIAL}.extend for arg#1: expected NONE but got PDF_DECIMAL
Catcall detected in {SPECIAL}.extend for arg#1: expected NONE but got PDF_DECIMAL
Catcall detected in {SPECIAL}.extend for arg#1: expected NONE but got PDF_DECIMAL
Catcall detected in {SPECIAL}.extend for arg#1: expected NONE but got PDF_RECTANGLE
Catcall detected in {PDF_ARRAY}.make_with_objects for arg#1: expected ARRAY [!PDF_OBJECT [ANY]] but got ARRAY [!NONE]
Catcall detected in {ARRAYED_LIST}.make_from_array for arg#1: expected ARRAY [!PDF_OBJECT [ANY]] but got ARRAY [!NONE]
Catcall detected in {SPECIAL}.extend for arg#1: expected NONE but got PDF_DECIMAL
Catcall detected in {SPECIAL}.extend for arg#1: expected NONE but got PDF_DECIMAL
Catcall detected in {SPECIAL}.extend for arg#1: expected NONE but got PDF_DECIMAL
Catcall detected in {SPECIAL}.extend for arg#1: expected NONE but got PDF_DECIMAL
Catcall detected in {SPECIAL}.extend for arg#1: expected NONE but got PDF_RECTANGLE
Catcall detected in {SPECIAL}.extend for arg#1: expected NONE but got PDF_STRING
Catcall detected in {SPECIAL}.extend for arg#1: expected NONE but got PDF_STRING
Catcall detected in {PDF_ARRAY}.make_with_objects for arg#1: expected ARRAY [!PDF_OBJECT [ANY]] but got ARRAY [!NONE]
Catcall detected in {ARRAYED_LIST}.make_from_array for arg#1: expected ARRAY [!PDF_OBJECT [ANY]] but got ARRAY [!NONE]
Catcall detected in {SPECIAL}.extend for arg#1: expected NONE but got PDF_DECIMAL
Catcall detected in {SPECIAL}.extend for arg#1: expected NONE but got PDF_DECIMAL
Catcall detected in {SPECIAL}.extend for arg#1: expected NONE but got PDF_DECIMAL
Catcall detected in {SPECIAL}.extend for arg#1: expected NONE but got PDF_DECIMAL
Catcall detected in {PDF_ARRAY}.make_with_objects for arg#1: expected ARRAY [!PDF_OBJECT [ANY]] but got ARRAY [!NONE]
Catcall detected in {ARRAYED_LIST}.make_from_array for arg#1: expected ARRAY [!PDF_OBJECT [ANY]] but got ARRAY [!NONE]
Catcall detected in {SPECIAL}.extend for arg#1: expected NONE but got PDF_DECIMAL
Catcall detected in {SPECIAL}.extend for arg#1: expected NONE but got PDF_DECIMAL
Catcall detected in {SPECIAL}.extend for arg#1: expected NONE but got PDF_DECIMAL
Catcall detected in {SPECIAL}.extend for arg#1: expected NONE but got PDF_DECIMAL
Catcall detected in {PDF_ARRAY}.make_with_objects for arg#1: expected ARRAY [!PDF_OBJECT [ANY]] but got ARRAY [!NONE]
Catcall detected in {ARRAYED_LIST}.make_from_array for arg#1: expected ARRAY [!PDF_OBJECT [ANY]] but got ARRAY [!NONE]
Catcall detected in {SPECIAL}.extend for arg#1: expected NONE but got PDF_DECIMAL
Catcall detected in {SPECIAL}.extend for arg#1: expected NONE but got PDF_DECIMAL
Catcall detected in {SPECIAL}.extend for arg#1: expected NONE but got PDF_DECIMAL
Catcall detected in {SPECIAL}.extend for arg#1: expected NONE but got PDF_DECIMAL
Catcall detected in {PDF_ARRAY}.make_with_objects for arg#1: expected ARRAY [!PDF_OBJECT [ANY]] but got ARRAY [!NONE]
Catcall detected in {ARRAYED_LIST}.make_from_array for arg#1: expected ARRAY [!PDF_OBJECT [ANY]] but got ARRAY [!NONE]
Catcall detected in {SPECIAL}.extend for arg#1: expected NONE but got PDF_BOOLEAN
Catcall detected in {SPECIAL}.extend for arg#1: expected NONE but got PDF_BOOLEAN
Catcall detected in {SPECIAL}.extend for arg#1: expected NONE but got PDF_DECIMAL
Catcall detected in {SPECIAL}.extend for arg#1: expected NONE but got PDF_DECIMAL
Catcall detected in {SPECIAL}.extend for arg#1: expected NONE but got PDF_INTEGER
Catcall detected in {SPECIAL}.extend for arg#1: expected NONE but got PDF_INTEGER
Catcall detected in {SPECIAL}.extend for arg#1: expected NONE but got PDF_KEY_VALUE
Catcall detected in {SPECIAL}.extend for arg#1: expected NONE but got PDF_KEY_VALUE
Catcall detected in {SPECIAL}.extend for arg#1: expected NONE but got PDF_NAME
Catcall detected in {SPECIAL}.extend for arg#1: expected NONE but got PDF_NAME
Catcall detected in {SPECIAL}.extend for arg#1: expected NONE but got PDF_OBJECT_REFERENCE
Catcall detected in {SPECIAL}.extend for arg#1: expected NONE but got PDF_OBJECT_REFERENCE
Catcall detected in {PDF_ARRAY}.make_with_objects for arg#1: expected ARRAY [!PDF_OBJECT [ANY]] but got ARRAY [!NONE]
Catcall detected in {ARRAYED_LIST}.make_from_array for arg#1: expected ARRAY [!PDF_OBJECT [ANY]] but got ARRAY [!NONE]
Catcall detected in {SPECIAL}.extend for arg#1: expected NONE but got PDF_DECIMAL
Catcall detected in {SPECIAL}.extend for arg#1: expected NONE but got PDF_DECIMAL
Catcall detected in {SPECIAL}.extend for arg#1: expected NONE but got PDF_DECIMAL
Catcall detected in {SPECIAL}.extend for arg#1: expected NONE but got PDF_DECIMAL
Catcall detected in {SPECIAL}.extend for arg#1: expected NONE but got PDF_RECTANGLE
Catcall detected in {PDF_ARRAY}.make_with_objects for arg#1: expected ARRAY [!PDF_OBJECT [ANY]] but got ARRAY [!NONE]
Catcall detected in {ARRAYED_LIST}.make_from_array for arg#1: expected ARRAY [!PDF_OBJECT [ANY]] but got ARRAY [!NONE]
Catcall detected in {SPECIAL}.extend for arg#1: expected NONE but got PDF_DECIMAL
Catcall detected in {SPECIAL}.extend for arg#1: expected NONE but got PDF_DECIMAL
Catcall detected in {SPECIAL}.extend for arg#1: expected NONE but got PDF_DECIMAL
Catcall detected in {SPECIAL}.extend for arg#1: expected NONE but got PDF_DECIMAL
Catcall detected in {SPECIAL}.extend for arg#1: expected NONE but got PDF_RECTANGLE
Catcall detected in {SPECIAL}.extend for arg#1: expected NONE but got PDF_STRING
Catcall detected in {SPECIAL}.extend for arg#1: expected NONE but got PDF_STRING
